Command line:
   CU_TB_isim_beh.exe
     -simmode  gui
     -simrunnum  0
     -socket  58817

Thu Oct 11 11:53:30 2018


 Elaboration Time: 0.03 sec

 Current Memory Usage: 196.932 Meg

 Total Signals          : 33
 Total Nets             : 40
 Total Signal Drivers   : 24
 Total Blocks           : 3
 Total Primitive Blocks : 2
 Total Processes        : 29
 Total Traceable Variables  : 38
 Total Scalar Nets and Variables : 178
Total Line Count : 108

 Total Simulation Time: 0.03 sec

 Current Memory Usage: 272.433 Meg

Thu Oct 11 11:53:33 2018

