Release 14.7 - xst P.20131013 (lin64)
Copyright (c) 1995-2013 Xilinx, Inc.  All rights reserved.
--> 
Parameter TMPDIR set to xst/projnav.tmp


Total REAL time to Xst completion: 0.00 secs
Total CPU time to Xst completion: 0.06 secs
 
--> 
Parameter xsthdpdir set to xst


Total REAL time to Xst completion: 0.00 secs
Total CPU time to Xst completion: 0.07 secs
 
--> 
Reading design: ArithmeticLogicUnit.prj

TABLE OF CONTENTS
  1) Synthesis Options Summary
  2) HDL Compilation
  3) Design Hierarchy Analysis
  4) HDL Analysis
  5) HDL Synthesis
     5.1) HDL Synthesis Report
  6) Advanced HDL Synthesis
     6.1) Advanced HDL Synthesis Report
  7) Low Level Synthesis
  8) Partition Report
  9) Final Report
	9.1) Device utilization summary
	9.2) Partition Resource Summary
	9.3) TIMING REPORT


=========================================================================
*                      Synthesis Options Summary                        *
=========================================================================
---- Source Parameters
Input File Name                    : "ArithmeticLogicUnit.prj"
Input Format                       : mixed
Ignore Synthesis Constraint File   : NO

---- Target Parameters
Output File Name                   : "ArithmeticLogicUnit"
Output Format                      : NGC
Target Device                      : xc3s400-5-pq208

---- Source Options
Top Module Name                    : ArithmeticLogicUnit
Automatic FSM Extraction           : YES
FSM Encoding Algorithm             : Auto
Safe Implementation                : No
FSM Style                          : LUT
RAM Extraction                     : Yes
RAM Style                          : Auto
ROM Extraction                     : Yes
Mux Style                          : Auto
Decoder Extraction                 : YES
Priority Encoder Extraction        : Yes
Shift Register Extraction          : YES
Logical Shifter Extraction         : YES
XOR Collapsing                     : YES
ROM Style                          : Auto
Mux Extraction                     : Yes
Resource Sharing                   : YES
Asynchronous To Synchronous        : NO
Multiplier Style                   : Auto
Automatic Register Balancing       : No

---- Target Options
Add IO Buffers                     : YES
Global Maximum Fanout              : 500
Add Generic Clock Buffer(BUFG)     : 8
Register Duplication               : YES
Slice Packing                      : YES
Optimize Instantiated Primitives   : NO
Use Clock Enable                   : Yes
Use Synchronous Set                : Yes
Use Synchronous Reset              : Yes
Pack IO Registers into IOBs        : Auto
Equivalent register Removal        : YES

---- General Options
Optimization Goal                  : Speed
Optimization Effort                : 1
Keep Hierarchy                     : No
Netlist Hierarchy                  : As_Optimized
RTL Output                         : Yes
Global Optimization                : AllClockNets
Read Cores                         : YES
Write Timing Constraints           : NO
Cross Clock Analysis               : NO
Hierarchy Separator                : /
Bus Delimiter                      : <>
Case Specifier                     : Maintain
Slice Utilization Ratio            : 100
BRAM Utilization Ratio             : 100
Verilog 2001                       : YES
Auto BRAM Packing                  : NO
Slice Utilization Ratio Delta      : 5

=========================================================================


=========================================================================
*                          HDL Compilation                              *
=========================================================================
Compiling verilog file "../G9Processor/ArithmeticLogicUnit.v" in library work
Module <ArithmeticLogicUnit> compiled
No errors in compilation
Analysis of file <"ArithmeticLogicUnit.prj"> succeeded.
 

=========================================================================
*                     Design Hierarchy Analysis                         *
=========================================================================
Analyzing hierarchy for module <ArithmeticLogicUnit> in library <work> with parameters.
	aluCSize = "00000000000000000000000000000011"
	size = "00000000000000000000000000100000"


=========================================================================
*                            HDL Analysis                               *
=========================================================================
Analyzing top module <ArithmeticLogicUnit>.
	aluCSize = 32'sb00000000000000000000000000000011
	size = 32'sb00000000000000000000000000100000
Module <ArithmeticLogicUnit> is correct for synthesis.
 

=========================================================================
*                           HDL Synthesis                               *
=========================================================================

Performing bidirectional port resolution...

Synthesizing Unit <ArithmeticLogicUnit>.
    Related source file is "../G9Processor/ArithmeticLogicUnit.v".
    Found 32-bit 8-to-1 multiplexer for signal <ALUResult>.
    Found 1-bit 8-to-1 multiplexer for signal <carryflag>.
    Found 1-bit 8-to-1 multiplexer for signal <overflowflag>.
    Found 1-bit 8-to-1 multiplexer for signal <zflag>.
    Found 32-bit adder carry out for signal <AUX_1$addsub0000>.
    Found 32-bit shifter logical left for signal <old_ALUResult_5$shift0000>.
    Found 32-bit shifter logical right for signal <old_ALUResult_6$shift0000>.
    Found 32-bit comparator greatequal for signal <overflowflag$cmp_ge0000> created at line 50.
    Found 32-bit comparator greatequal for signal <overflowflag$cmp_ge0001> created at line 50.
    Found 32-bit comparator greatequal for signal <overflowflag$cmp_ge0002> created at line 50.
    Found 32-bit comparator greater for signal <signflag$cmp_gt0000> created at line 118.
    Found 32-bit comparator greater for signal <signflag$cmp_gt0001> created at line 118.
    Summary:
	inferred   2 Adder/Subtractor(s).
	inferred   5 Comparator(s).
	inferred  35 Multiplexer(s).
	inferred   2 Combinational logic shifter(s).
Unit <ArithmeticLogicUnit> synthesized.


=========================================================================
HDL Synthesis Report

Macro Statistics
# Adders/Subtractors                                   : 2
 32-bit adder carry out                                : 1
 33-bit adder                                          : 1
# Comparators                                          : 5
 32-bit comparator greatequal                          : 3
 32-bit comparator greater                             : 2
# Multiplexers                                         : 4
 1-bit 8-to-1 multiplexer                              : 3
 32-bit 8-to-1 multiplexer                             : 1
# Logic shifters                                       : 2
 32-bit shifter logical left                           : 1
 32-bit shifter logical right                          : 1
# Xors                                                 : 1
 32-bit xor2                                           : 1

=========================================================================

=========================================================================
*                       Advanced HDL Synthesis                          *
=========================================================================


=========================================================================
Advanced HDL Synthesis Report

Macro Statistics
# Adders/Subtractors                                   : 2
 32-bit adder                                          : 1
 32-bit adder carry out                                : 1
# Multiplexers                                         : 4
 1-bit 8-to-1 multiplexer                              : 3
 32-bit 8-to-1 multiplexer                             : 1
# Logic shifters                                       : 2
 32-bit shifter logical left                           : 1
 32-bit shifter logical right                          : 1
# Xors                                                 : 1
 32-bit xor2                                           : 1

=========================================================================

=========================================================================
*                         Low Level Synthesis                           *
=========================================================================

Optimizing unit <ArithmeticLogicUnit> ...

Mapping all equations...
Building and optimizing final netlist ...
Found area constraint ratio of 100 (+ 5) on block ArithmeticLogicUnit, actual ratio is 10.

Final Macro Processing ...

=========================================================================
Final Register Report

Found no macro
=========================================================================

=========================================================================
*                           Partition Report                            *
=========================================================================

Partition Implementation Status
-------------------------------

  No Partitions were found in this design.

-------------------------------

=========================================================================
*                            Final Report                               *
=========================================================================
Final Results
RTL Top Level Output File Name     : ArithmeticLogicUnit.ngr
Top Level Output File Name         : ArithmeticLogicUnit
Output Format                      : NGC
Optimization Goal                  : Speed
Keep Hierarchy                     : No

Design Statistics
# IOs                              : 103

Cell Usage :
# BELS                             : 912
#      GND                         : 1
#      INV                         : 65
#      LUT1                        : 1
#      LUT2                        : 101
#      LUT3                        : 233
#      LUT4                        : 223
#      MUXCY                       : 102
#      MUXF5                       : 121
#      VCC                         : 1
#      XORCY                       : 64
# IO Buffers                       : 103
#      IBUF                        : 67
#      OBUF                        : 36
=========================================================================

Device utilization summary:
---------------------------

Selected Device : 3s400pq208-5 

 Number of Slices:                      335  out of   3584     9%  
 Number of 4 input LUTs:                623  out of   7168     8%  
 Number of IOs:                         103
 Number of bonded IOBs:                 103  out of    141    73%  

---------------------------
Partition Resource Summary:
---------------------------

  No Partitions were found in this design.

---------------------------


=========================================================================
TIMING REPORT

NOTE: THESE TIMING NUMBERS ARE ONLY A SYNTHESIS ESTIMATE.
      FOR ACCURATE TIMING INFORMATION PLEASE REFER TO THE TRACE REPORT
      GENERATED AFTER PLACE-and-ROUTE.

Clock Information:
------------------
No clock signals found in this design

Asynchronous Control Signals Information:
----------------------------------------
No asynchronous control signals found in this design

Timing Summary:
---------------
Speed Grade: -5

   Minimum period: No path found
   Minimum input arrival time before clock: No path found
   Maximum output required time after clock: No path found
   Maximum combinational path delay: 20.210ns

Timing Detail:
--------------
All values displayed in nanoseconds (ns)

=========================================================================
Timing constraint: Default path analysis
  Total number of paths / destination ports: 13867 / 34
-------------------------------------------------------------------------
Delay:               20.210ns (Levels of Logic = 12)
  Source:            operand1<0> (PAD)
  Destination:       zflag (PAD)

  Data Path: operand1<0> to zflag
                                Gate     Net
    Cell:in->out      fanout   Delay   Delay  Logical Name (Net Name)
    ----------------------------------------  ------------
     IBUF:I->O            82   0.715   2.114  operand1_0_IBUF (operand1_0_IBUF)
     LUT3:I0->O            4   0.479   0.949  Sh124_SW0 (N134)
     LUT3:I1->O            5   0.479   0.842  Sh124 (Sh124)
     LUT4:I2->O            2   0.479   1.040  _old_ALUResult_6<28>1 (_old_ALUResult_6<28>)
     LUT3:I0->O            1   0.479   0.976  alu_control<2>181 (alu_control<2>18)
     LUT4:I0->O            1   0.479   0.976  alu_control<2>37 (alu_control<2>37)
     LUT4:I0->O            1   0.479   0.704  alu_control<2>66 (alu_control<2>66)
     LUT4:I3->O            1   0.479   0.704  alu_control<2>118_SW0 (N218)
     LUT4:I3->O            1   0.479   0.976  alu_control<2>118 (alu_control<2>118)
     LUT4:I0->O            1   0.479   0.000  alu_control<2>5311 (alu_control<2>531)
     MUXF5:I1->O           1   0.314   0.681  alu_control<2>531_f5 (zflag_OBUF)
     OBUF:I->O                 4.909          zflag_OBUF (zflag)
    ----------------------------------------
    Total                     20.210ns (10.249ns logic, 9.961ns route)
                                       (50.7% logic, 49.3% route)

=========================================================================


Total REAL time to Xst completion: 11.00 secs
Total CPU time to Xst completion: 10.56 secs
 
--> 


Total memory usage is 527672 kilobytes

Number of errors   :    0 (   0 filtered)
Number of warnings :    0 (   0 filtered)
Number of infos    :    0 (   0 filtered)

