Command line:
   ALU_TB_isim_beh.exe
     -simmode  gui
     -simrunnum  0
     -socket  52357

Thu Oct 11 10:50:52 2018


 Elaboration Time: 0.02 sec

 Current Memory Usage: 196.932 Meg

 Total Signals          : 21
 Total Nets             : 116
 Total Signal Drivers   : 13
 Total Blocks           : 3
 Total Primitive Blocks : 2
 Total Processes        : 18
 Total Traceable Variables  : 29
 Total Scalar Nets and Variables : 395
Total Line Count : 77

 Total Simulation Time: 0.03 sec

 Current Memory Usage: 272.433 Meg

Thu Oct 11 10:51:00 2018

