Running: C:\Xilinx\14.7\ISE_DS\ISE\bin\nt64\unwrapped\fuse.exe -intstyle ise -incremental -lib unisims_ver -lib unimacro_ver -lib xilinxcorelib_ver -o C:/Downloads/New folder/KGP_RISC/G9_Processor_TB_isim_beh.exe -prj C:/Downloads/New folder/KGP_RISC/G9_Processor_TB_beh.prj work.G9_Processor_TB work.glbl 
ISim P.20131013 (signature 0x7708f090)
Number of CPUs detected in this system: 4
Turning on mult-threading, number of parallel sub-compilation jobs: 8 
Determining compilation order of HDL files
Analyzing Verilog file "C:/Downloads/New folder/KGP_RISC/SignExtend.v" into library work
Analyzing Verilog file "C:/Downloads/New folder/KGP_RISC/RegisterFile.v" into library work
Analyzing Verilog file "C:/Downloads/New folder/KGP_RISC/ProgramCounter.v" into library work
Analyzing Verilog file "C:/Downloads/New folder/KGP_RISC/InstructionMemoryi.v" into library work
Analyzing Verilog file "C:/Downloads/New folder/KGP_RISC/DataMemory.v" into library work
Analyzing Verilog file "C:/Downloads/New folder/KGP_RISC/ControlUnit.v" into library work
Analyzing Verilog file "C:/Downloads/New folder/KGP_RISC/ArithmeticLogicUnit.v" into library work
Analyzing Verilog file "C:/Downloads/New folder/KGP_RISC/G9Processor.v" into library work
Analyzing Verilog file "C:/Downloads/New folder/KGP_RISC/G9_Processor_TB.v" into library work
Analyzing Verilog file "C:/Xilinx/14.7/ISE_DS/ISE//verilog/src/glbl.v" into library work
Starting static elaboration
Completed static elaboration
Compiling module ProgramCounter
Compiling module InstructionMemoryi
Compiling module SignExtend
Compiling module ControlUnit
Compiling module RegisterFile
Compiling module ArithmeticLogicUnit
Compiling module DataMemory
Compiling module G9Processor
Compiling module G9_Processor_TB
Compiling module glbl
Time Resolution for simulation is 1ps.
Waiting for 1 sub-compilation(s) to finish...
Compiled 10 Verilog Units
Built simulation executable C:/Downloads/New folder/KGP_RISC/G9_Processor_TB_isim_beh.exe
Fuse Memory Usage: 28264 KB
Fuse CPU Usage: 514 ms
