Command line:
   DataMemory_isim_beh.exe
     -simmode  gui
     -simrunnum  0
     -socket  34527

Fri Oct 19 13:32:16 2018


 Elaboration Time: 0.02 sec

 Current Memory Usage: 196.927 Meg

 Total Signals          : 19
 Total Nets             : 112
 Total Signal Drivers   : 6
 Total Blocks           : 2
 Total Primitive Blocks : 2
 Total Processes        : 9
 Total Traceable Variables  : 21
 Total Scalar Nets and Variables : 33056
Total Line Count : 22

 Total Simulation Time: 0.03 sec

 Current Memory Usage: 272.429 Meg

Fri Oct 19 13:32:22 2018

